<?xml version="1.0" encoding="UTF-8"?>
<testsuite xmlns:xsi="http://www.w3.org/2001/XMLSchema-instance" xsi:noNamespaceSchemaLocation="https://maven.apache.org/surefire/maven-surefire-plugin/xsd/surefire-test-report.xsd" version="3.0.2" name="com.notification.demo.NotificationServiceApplicationTests" time="31.865" tests="1" errors="0" skipped="0" failures="0" flakes="0">
  <properties>
[...]
</properties>
  <testcase name="contextLoads" classname="com.notification.demo.NotificationServiceApplicationTests" time="1.399">
    <system-out><![CDATA[00:15:52.259 [main] INFO org.springframework.test.context.support.AnnotationConfigContextLoaderUtils -- Could not detect default configuration classes for test class [com.notification.demo.NotificationServiceApplicationTests]: NotificationServiceApplicationTests does not declare any static, non-private, non-final, nested classes annotated with @Configuration.
00:15:53.123 [main] INFO org.springframework.boot.test.context.SpringBootTestContextBootstrapper -- Found @SpringBootConfiguration com.notification.demo.NotificationServiceApplication for test class com.notification.demo.NotificationServiceApplicationTests
00:15:53.527 [main] INFO org.springframework.test.context.support.AnnotationConfigContextLoaderUtils -- Could not detect default configuration classes for test class [com.notification.demo.NotificationServiceApplicationTests]: NotificationServiceApplicationTests does not declare any static, non-private, non-final, nested classes annotated with @Configuration.
00:15:53.531 [main] INFO org.springframework.boot.test.context.SpringBootTestContextBootstrapper -- Found @SpringBootConfiguration com.notification.demo.NotificationServiceApplication for test class com.notification.demo.NotificationServiceApplicationTests
00:15:54.497 [main] INFO org.springframework.boot.devtools.restart.RestartApplicationListener -- Restart disabled due to context in which it is running

  .   ____          _            __ _ _
 /\\ / ___'_ __ _ _(_)_ __  __ _ \ \ \ \
( ( )\___ | '_ | '_| | '_ \/ _` | \ \ \ \
 \\/  ___)| |_)| | | | | || (_| |  ) ) ) )
  '  |____| .__|_| |_|_| |_\__, | / / / /
 =========|_|==============|___/=/_/_/_/

 :: Spring Boot ::                (v4.1.0)

2026-06-22T00:16:00.917+05:30  INFO 16572 --- [NOTIFICATIONSERVICE] [           main] .n.d.NotificationServiceApplicationTests : Starting NotificationServiceApplicationTests using Java 24.0.2 with PID 16572 (started by Admin in C:\Users\Admin\Desktop\Banking Managment system\NotificationService\notification-service)
2026-06-22T00:16:00.920+05:30  INFO 16572 --- [NOTIFICATIONSERVICE] [           main] .n.d.NotificationServiceApplicationTests : No active profile set, falling back to 1 default profile: "default"
2026-06-22T00:16:01.151+05:30  INFO 16572 --- [NOTIFICATIONSERVICE] [           main] o.s.c.c.c.ConfigServerConfigDataLoader   : Fetching config from server at : http://localhost:8888
2026-06-22T00:16:01.152+05:30  INFO 16572 --- [NOTIFICATIONSERVICE] [           main] o.s.c.c.c.ConfigServerConfigDataLoader   : Located environment: name=NOTIFICATIONSERVICE, profiles=[default], label=null, version=fff565816cf1ead5a0bad8db6c07c4f4361356aa, state=
2026-06-22T00:16:05.078+05:30  INFO 16572 --- [NOTIFICATIONSERVICE] [           main] .s.d.r.c.RepositoryConfigurationDelegate : Bootstrapping Spring Data JPA repositories in DEFAULT mode.
2026-06-22T00:16:05.674+05:30  INFO 16572 --- [NOTIFICATIONSERVICE] [           main] .s.d.r.c.RepositoryConfigurationDelegate : Finished Spring Data repository scanning in 565 ms. Found 1 JPA repository interface.
2026-06-22T00:16:06.738+05:30  INFO 16572 --- [NOTIFICATIONSERVICE] [           main] o.s.cloud.context.scope.GenericScope     : BeanFactory id=8192be43-ddfa-3e0b-abf9-8313469971b8
2026-06-22T00:16:08.112+05:30  INFO 16572 --- [NOTIFICATIONSERVICE] [           main] org.hibernate.orm.jpa                    : HHH008540: Processing PersistenceUnitInfo [name: default]
2026-06-22T00:16:08.355+05:30  INFO 16572 --- [NOTIFICATIONSERVICE] [           main] org.hibernate.orm.core                   : HHH000001: Hibernate ORM core version 7.4.1.Final
2026-06-22T00:16:10.102+05:30  INFO 16572 --- [NOTIFICATIONSERVICE] [           main] o.s.o.j.p.SpringPersistenceUnitInfo      : No LoadTimeWeaver setup: ignoring JPA class transformer
2026-06-22T00:16:10.210+05:30  INFO 16572 --- [NOTIFICATIONSERVICE] [           main] com.zaxxer.hikari.HikariDataSource       : HikariPool-1 - Starting...
2026-06-22T00:16:11.653+05:30  INFO 16572 --- [NOTIFICATIONSERVICE] [           main] com.zaxxer.hikari.pool.HikariPool        : HikariPool-1 - Added connection com.mysql.cj.jdbc.ConnectionImpl@2e0de20d
2026-06-22T00:16:11.658+05:30  INFO 16572 --- [NOTIFICATIONSERVICE] [           main] com.zaxxer.hikari.HikariDataSource       : HikariPool-1 - Start completed.
2026-06-22T00:16:11.960+05:30  INFO 16572 --- [NOTIFICATIONSERVICE] [           main] org.hibernate.orm.connections.pooling    : HHH10001005: Database info:
	Database JDBC URL [jdbc:mysql://localhost:3306/bank]
	Database driver: MySQL Connector/J
	Database dialect: MySQLDialect
	Database version: 8.0.46
	Default catalog/schema: bank/undefined
	Autocommit mode: undefined/unknown
	Isolation level: REPEATABLE_READ [default REPEATABLE_READ]
	JDBC fetch size: none
	Pool: DataSourceConnectionProvider
	Minimum pool size: undefined/unknown
	Maximum pool size: undefined/unknown
2026-06-22T00:16:14.576+05:30  INFO 16572 --- [NOTIFICATIONSERVICE] [           main] org.hibernate.orm.core                   : HHH000489: No JTA platform available (set 'hibernate.transaction.jta.platform' to enable JTA platform integration)
2026-06-22T00:16:14.745+05:30  INFO 16572 --- [NOTIFICATIONSERVICE] [           main] j.LocalContainerEntityManagerFactoryBean : Initialized JPA EntityManagerFactory for persistence unit 'default'
2026-06-22T00:16:14.964+05:30  INFO 16572 --- [NOTIFICATIONSERVICE] [           main] o.s.d.j.r.query.QueryEnhancerFactories   : Hibernate is in classpath; If applicable, HQL parser will be used.
2026-06-22T00:16:15.872+05:30  WARN 16572 --- [NOTIFICATIONSERVICE] [           main] JpaBaseConfiguration$JpaWebConfiguration : spring.jpa.open-in-view is enabled by default. Therefore, database queries may be performed during view rendering. Explicitly configure spring.jpa.open-in-view to disable this warning
2026-06-22T00:16:19.239+05:30  INFO 16572 --- [NOTIFICATIONSERVICE] [           main] DiscoveryClientOptionalArgsConfiguration : Eureka HTTP Client uses RestClient.
2026-06-22T00:16:19.418+05:30  WARN 16572 --- [NOTIFICATIONSERVICE] [           main] iguration$LoadBalancerCaffeineWarnLogger : Spring Cloud LoadBalancer is currently working with the default cache. While this cache implementation is useful for development and tests, it's recommended to use Caffeine cache in production.You can switch to using Caffeine cache, by adding it and org.springframework.cache.caffeine.CaffeineCacheManager to the classpath.
2026-06-22T00:16:19.576+05:30  INFO 16572 --- [NOTIFICATIONSERVICE] [           main] o.s.b.a.e.web.EndpointLinksResolver      : Exposing 16 endpoints beneath base path '/actuator'
2026-06-22T00:16:19.931+05:30  INFO 16572 --- [NOTIFICATIONSERVICE] [           main] o.s.c.n.eureka.InstanceInfoFactory       : Setting initial instance status as: STARTING
2026-06-22T00:16:19.985+05:30  INFO 16572 --- [NOTIFICATIONSERVICE] [           main] com.netflix.discovery.DiscoveryClient    : Initializing Eureka in region us-east-1
2026-06-22T00:16:19.992+05:30  INFO 16572 --- [NOTIFICATIONSERVICE] [           main] c.n.d.s.r.aws.ConfigClusterResolver      : Resolving eureka endpoints via configuration
2026-06-22T00:16:20.013+05:30  INFO 16572 --- [NOTIFICATIONSERVICE] [           main] com.netflix.discovery.DiscoveryClient    : Disable delta property : false
2026-06-22T00:16:20.013+05:30  INFO 16572 --- [NOTIFICATIONSERVICE] [           main] com.netflix.discovery.DiscoveryClient    : Single vip registry refresh property : null
2026-06-22T00:16:20.014+05:30  INFO 16572 --- [NOTIFICATIONSERVICE] [           main] com.netflix.discovery.DiscoveryClient    : Force full registry fetch : false
2026-06-22T00:16:20.014+05:30  INFO 16572 --- [NOTIFICATIONSERVICE] [           main] com.netflix.discovery.DiscoveryClient    : Application is null : false
2026-06-22T00:16:20.014+05:30  INFO 16572 --- [NOTIFICATIONSERVICE] [           main] com.netflix.discovery.DiscoveryClient    : Registered Applications size is zero : true
2026-06-22T00:16:20.014+05:30  INFO 16572 --- [NOTIFICATIONSERVICE] [           main] com.netflix.discovery.DiscoveryClient    : Application version is -1: true
2026-06-22T00:16:20.014+05:30  INFO 16572 --- [NOTIFICATIONSERVICE] [           main] com.netflix.discovery.DiscoveryClient    : Getting all instance registry info from the eureka server
2026-06-22T00:16:20.743+05:30  INFO 16572 --- [NOTIFICATIONSERVICE] [           main] com.netflix.discovery.DiscoveryClient    : The response status is 200
2026-06-22T00:16:20.748+05:30  INFO 16572 --- [NOTIFICATIONSERVICE] [           main] com.netflix.discovery.DiscoveryClient    : Starting heartbeat executor: renew interval is: 30
2026-06-22T00:16:20.753+05:30  INFO 16572 --- [NOTIFICATIONSERVICE] [           main] c.n.discovery.InstanceInfoReplicator     : InstanceInfoReplicator onDemand update allowed rate per min is 4
2026-06-22T00:16:20.757+05:30  INFO 16572 --- [NOTIFICATIONSERVICE] [           main] com.netflix.discovery.DiscoveryClient    : Discovery Client initialized at timestamp 1782067580755 with initial instances count: 8
2026-06-22T00:16:20.766+05:30  INFO 16572 --- [NOTIFICATIONSERVICE] [           main] o.s.c.n.e.s.EurekaServiceRegistry        : Registering application NOTIFICATIONSERVICE with eureka with status UP
2026-06-22T00:16:20.767+05:30  INFO 16572 --- [NOTIFICATIONSERVICE] [           main] com.netflix.discovery.DiscoveryClient    : Saw local status change event StatusChangeEvent [timestamp=1782067580767, current=UP, previous=STARTING]
2026-06-22T00:16:20.772+05:30  INFO 16572 --- [NOTIFICATIONSERVICE] [foReplicator-%d] com.netflix.discovery.DiscoveryClient    : DiscoveryClient_NOTIFICATIONSERVICE/172.20.0.70:NOTIFICATIONSERVICE:8088: registering service...
2026-06-22T00:16:20.830+05:30  INFO 16572 --- [NOTIFICATIONSERVICE] [           main] .n.d.NotificationServiceApplicationTests : Started NotificationServiceApplicationTests in 26.464 seconds (process running for 32.28)
2026-06-22T00:16:20.883+05:30  INFO 16572 --- [NOTIFICATIONSERVICE] [foReplicator-%d] com.netflix.discovery.DiscoveryClient    : DiscoveryClient_NOTIFICATIONSERVICE/172.20.0.70:NOTIFICATIONSERVICE:8088 - registration status: 204
]]></system-out>
    <system-err><![CDATA[Mockito is currently self-attaching to enable the inline-mock-maker. This will no longer work in future releases of the JDK. Please add Mockito as an agent to your build as described in Mockito's documentation: https://javadoc.io/doc/org.mockito/mockito-core/latest/org.mockito/org/mockito/Mockito.html#0.3
WARNING: A Java agent has been loaded dynamically (C:\Users\Admin\.m2\repository\net\bytebuddy\byte-buddy-agent\1.18.10\byte-buddy-agent-1.18.10.jar)
WARNING: If a serviceability tool is in use, please run with -XX:+EnableDynamicAgentLoading to hide this warning
WARNING: If a serviceability tool is not in use, please run with -Djdk.instrument.traceUsage for more information
WARNING: Dynamic loading of agents will be disallowed by default in a future release
]]></system-err>
  </testcase>
</testsuite>